<?xml version="1.0" encoding="UTF-8"?>
<coverage generated="1610169435460" clover="3.2.0">
  <project timestamp="1610169435461" name="All files">
    <metrics statements="31" coveredstatements="31" conditionals="20" coveredconditionals="19" methods="4" coveredmethods="4" elements="55" coveredelements="54" complexity="0" loc="31" ncloc="31" packages="1" files="2" classes="2"/>
    <file name="bst-node.js" path="/Users/vanessa/Desktop/cs/src/bst-node.js">
      <metrics statements="3" coveredstatements="3" conditionals="0" coveredconditionals="0" methods="1" coveredmethods="1"/>
      <line num="3" count="115" type="stmt"/>
      <line num="4" count="115" type="stmt"/>
      <line num="5" count="115" type="stmt"/>
    </file>
    <file name="bst.js" path="/Users/vanessa/Desktop/cs/src/bst.js">
      <metrics statements="28" coveredstatements="28" conditionals="20" coveredconditionals="19" methods="3" coveredmethods="3"/>
      <line num="3" count="9" type="stmt"/>
      <line num="7" count="114" type="cond" truecount="2" falsecount="0"/>
      <line num="8" count="8" type="stmt"/>
      <line num="10" count="106" type="stmt"/>
      <line num="11" count="106" type="stmt"/>
      <line num="12" count="243" type="cond" truecount="2" falsecount="0"/>
      <line num="13" count="76" type="cond" truecount="2" falsecount="0"/>
      <line num="14" count="7" type="stmt"/>
      <line num="15" count="7" type="stmt"/>
      <line num="17" count="69" type="stmt"/>
      <line num="19" count="167" type="cond" truecount="2" falsecount="0"/>
      <line num="20" count="75" type="cond" truecount="2" falsecount="0"/>
      <line num="21" count="7" type="stmt"/>
      <line num="22" count="7" type="stmt"/>
      <line num="24" count="68" type="stmt"/>
      <line num="27" count="92" type="stmt"/>
      <line num="34" count="5" type="cond" truecount="2" falsecount="0"/>
      <line num="35" count="1" type="stmt"/>
      <line num="37" count="4" type="stmt"/>
      <line num="38" count="4" type="stmt"/>
      <line num="39" count="11" type="cond" truecount="2" falsecount="0"/>
      <line num="40" count="3" type="stmt"/>
      <line num="41" count="8" type="cond" truecount="2" falsecount="0"/>
      <line num="42" count="2" type="stmt"/>
      <line num="43" count="6" type="cond" truecount="1" falsecount="1"/>
      <line num="44" count="6" type="stmt"/>
      <line num="46" count="8" type="cond" truecount="2" falsecount="0"/>
      <line num="47" count="1" type="stmt"/>
    </file>
  </project>
</coverage>
