{"/Users/vanessa/Desktop/cs/src/bst-node.js": {"path":"/Users/vanessa/Desktop/cs/src/bst-node.js","statementMap":{"0":{"start":{"line":3,"column":4},"end":{"line":3,"column":21}},"1":{"start":{"line":4,"column":4},"end":{"line":4,"column":21}},"2":{"start":{"line":5,"column":4},"end":{"line":5,"column":22}}},"fnMap":{"0":{"name":"(anonymous_0)","decl":{"start":{"line":2,"column":2},"end":{"line":2,"column":3}},"loc":{"start":{"line":2,"column":20},"end":{"line":6,"column":3}},"line":2}},"branchMap":{},"s":{"0":115,"1":115,"2":115},"f":{"0":115},"b":{},"_coverageSchema":"43e27e138ebf9cfc5966b082cf9a028302ed4184","hash":"e620a85ef76c843a52c3ec286b660b4da95123e3"}
,"/Users/vanessa/Desktop/cs/src/bst.js": {"path":"/Users/vanessa/Desktop/cs/src/bst.js","statementMap":{"0":{"start":{"line":3,"column":4},"end":{"line":3,"column":21}},"1":{"start":{"line":7,"column":4},"end":{"line":30,"column":5}},"2":{"start":{"line":8,"column":6},"end":{"line":8,"column":31}},"3":{"start":{"line":10,"column":24},"end":{"line":10,"column":33}},"4":{"start":{"line":11,"column":6},"end":{"line":29,"column":7}},"5":{"start":{"line":12,"column":8},"end":{"line":28,"column":9}},"6":{"start":{"line":13,"column":10},"end":{"line":18,"column":11}},"7":{"start":{"line":14,"column":12},"end":{"line":14,"column":44}},"8":{"start":{"line":15,"column":12},"end":{"line":15,"column":24}},"9":{"start":{"line":17,"column":12},"end":{"line":17,"column":43}},"10":{"start":{"line":19,"column":15},"end":{"line":28,"column":9}},"11":{"start":{"line":20,"column":10},"end":{"line":25,"column":11}},"12":{"start":{"line":21,"column":12},"end":{"line":21,"column":45}},"13":{"start":{"line":22,"column":12},"end":{"line":22,"column":24}},"14":{"start":{"line":24,"column":12},"end":{"line":24,"column":43}},"15":{"start":{"line":27,"column":10},"end":{"line":27,"column":22}},"16":{"start":{"line":34,"column":4},"end":{"line":50,"column":5}},"17":{"start":{"line":35,"column":6},"end":{"line":35,"column":18}},"18":{"start":{"line":37,"column":24},"end":{"line":37,"column":33}},"19":{"start":{"line":38,"column":6},"end":{"line":49,"column":7}},"20":{"start":{"line":39,"column":8},"end":{"line":45,"column":9}},"21":{"start":{"line":40,"column":10},"end":{"line":40,"column":22}},"22":{"start":{"line":41,"column":15},"end":{"line":45,"column":9}},"23":{"start":{"line":42,"column":10},"end":{"line":42,"column":41}},"24":{"start":{"line":43,"column":15},"end":{"line":45,"column":9}},"25":{"start":{"line":44,"column":10},"end":{"line":44,"column":42}},"26":{"start":{"line":46,"column":8},"end":{"line":48,"column":9}},"27":{"start":{"line":47,"column":10},"end":{"line":47,"column":23}}},"fnMap":{"0":{"name":"(anonymous_0)","decl":{"start":{"line":2,"column":2},"end":{"line":2,"column":3}},"loc":{"start":{"line":2,"column":16},"end":{"line":4,"column":3}},"line":2},"1":{"name":"(anonymous_1)","decl":{"start":{"line":6,"column":2},"end":{"line":6,"column":3}},"loc":{"start":{"line":6,"column":23},"end":{"line":31,"column":3}},"line":6},"2":{"name":"(anonymous_2)","decl":{"start":{"line":33,"column":2},"end":{"line":33,"column":3}},"loc":{"start":{"line":33,"column":16},"end":{"line":51,"column":3}},"line":33}},"branchMap":{"0":{"loc":{"start":{"line":7,"column":4},"end":{"line":30,"column":5}},"type":"if","locations":[{"start":{"line":7,"column":4},"end":{"line":30,"column":5}},{"start":{"line":7,"column":4},"end":{"line":30,"column":5}}],"line":7},"1":{"loc":{"start":{"line":12,"column":8},"end":{"line":28,"column":9}},"type":"if","locations":[{"start":{"line":12,"column":8},"end":{"line":28,"column":9}},{"start":{"line":12,"column":8},"end":{"line":28,"column":9}}],"line":12},"2":{"loc":{"start":{"line":13,"column":10},"end":{"line":18,"column":11}},"type":"if","locations":[{"start":{"line":13,"column":10},"end":{"line":18,"column":11}},{"start":{"line":13,"column":10},"end":{"line":18,"column":11}}],"line":13},"3":{"loc":{"start":{"line":19,"column":15},"end":{"line":28,"column":9}},"type":"if","locations":[{"start":{"line":19,"column":15},"end":{"line":28,"column":9}},{"start":{"line":19,"column":15},"end":{"line":28,"column":9}}],"line":19},"4":{"loc":{"start":{"line":20,"column":10},"end":{"line":25,"column":11}},"type":"if","locations":[{"start":{"line":20,"column":10},"end":{"line":25,"column":11}},{"start":{"line":20,"column":10},"end":{"line":25,"column":11}}],"line":20},"5":{"loc":{"start":{"line":34,"column":4},"end":{"line":50,"column":5}},"type":"if","locations":[{"start":{"line":34,"column":4},"end":{"line":50,"column":5}},{"start":{"line":34,"column":4},"end":{"line":50,"column":5}}],"line":34},"6":{"loc":{"start":{"line":39,"column":8},"end":{"line":45,"column":9}},"type":"if","locations":[{"start":{"line":39,"column":8},"end":{"line":45,"column":9}},{"start":{"line":39,"column":8},"end":{"line":45,"column":9}}],"line":39},"7":{"loc":{"start":{"line":41,"column":15},"end":{"line":45,"column":9}},"type":"if","locations":[{"start":{"line":41,"column":15},"end":{"line":45,"column":9}},{"start":{"line":41,"column":15},"end":{"line":45,"column":9}}],"line":41},"8":{"loc":{"start":{"line":43,"column":15},"end":{"line":45,"column":9}},"type":"if","locations":[{"start":{"line":43,"column":15},"end":{"line":45,"column":9}},{"start":{"line":43,"column":15},"end":{"line":45,"column":9}}],"line":43},"9":{"loc":{"start":{"line":46,"column":8},"end":{"line":48,"column":9}},"type":"if","locations":[{"start":{"line":46,"column":8},"end":{"line":48,"column":9}},{"start":{"line":46,"column":8},"end":{"line":48,"column":9}}],"line":46}},"s":{"0":9,"1":114,"2":8,"3":106,"4":106,"5":243,"6":76,"7":7,"8":7,"9":69,"10":167,"11":75,"12":7,"13":7,"14":68,"15":92,"16":5,"17":1,"18":4,"19":4,"20":11,"21":3,"22":8,"23":2,"24":6,"25":6,"26":8,"27":1},"f":{"0":9,"1":114,"2":5},"b":{"0":[8,106],"1":[76,167],"2":[7,69],"3":[75,92],"4":[7,68],"5":[1,4],"6":[3,8],"7":[2,6],"8":[6,0],"9":[1,7]},"_coverageSchema":"43e27e138ebf9cfc5966b082cf9a028302ed4184","hash":"00dc10ef3385964b8b141bb0e263134048117d59"}
}
