TN:
SF:/Users/vanessa/Desktop/cs/src/bst-node.js
FN:2,(anonymous_0)
FNF:1
FNH:1
FNDA:115,(anonymous_0)
DA:3,115
DA:4,115
DA:5,115
LF:3
LH:3
BRF:0
BRH:0
end_of_record
TN:
SF:/Users/vanessa/Desktop/cs/src/bst.js
FN:2,(anonymous_0)
FN:6,(anonymous_1)
FN:33,(anonymous_2)
FNF:3
FNH:3
FNDA:9,(anonymous_0)
FNDA:114,(anonymous_1)
FNDA:5,(anonymous_2)
DA:3,9
DA:7,114
DA:8,8
DA:10,106
DA:11,106
DA:12,243
DA:13,76
DA:14,7
DA:15,7
DA:17,69
DA:19,167
DA:20,75
DA:21,7
DA:22,7
DA:24,68
DA:27,92
DA:34,5
DA:35,1
DA:37,4
DA:38,4
DA:39,11
DA:40,3
DA:41,8
DA:42,2
DA:43,6
DA:44,6
DA:46,8
DA:47,1
LF:28
LH:28
BRDA:7,0,0,8
BRDA:7,0,1,106
BRDA:12,1,0,76
BRDA:12,1,1,167
BRDA:13,2,0,7
BRDA:13,2,1,69
BRDA:19,3,0,75
BRDA:19,3,1,92
BRDA:20,4,0,7
BRDA:20,4,1,68
BRDA:34,5,0,1
BRDA:34,5,1,4
BRDA:39,6,0,3
BRDA:39,6,1,8
BRDA:41,7,0,2
BRDA:41,7,1,6
BRDA:43,8,0,6
BRDA:43,8,1,0
BRDA:46,9,0,1
BRDA:46,9,1,7
BRF:20
BRH:19
end_of_record
TN:
SF:/Users/vanessa/Desktop/cs/src/graph.js
FN:2,(anonymous_0)
FNF:1
FNH:1
FNDA:1,(anonymous_0)
DA:3,1
LF:1
LH:1
BRF:0
BRH:0
end_of_record
