TN:
SF:/Users/vanessa/Desktop/cs/src/bst-node.js
FN:2,(anonymous_0)
FNF:1
FNH:1
FNDA:17,(anonymous_0)
DA:3,17
DA:4,17
DA:5,17
LF:3
LH:3
BRF:0
BRH:0
end_of_record
TN:
SF:/Users/vanessa/Desktop/cs/src/bst.js
FN:2,(anonymous_0)
FN:6,(anonymous_1)
FNF:2
FNH:2
FNDA:8,(anonymous_0)
FNDA:16,(anonymous_1)
DA:3,8
DA:7,16
DA:8,7
DA:10,9
DA:11,9
DA:12,12
DA:13,6
DA:14,4
DA:15,4
DA:17,2
DA:19,6
DA:20,5
DA:21,4
DA:22,4
DA:24,1
DA:27,1
LF:16
LH:16
BRDA:7,0,0,7
BRDA:7,0,1,9
BRDA:12,1,0,6
BRDA:12,1,1,6
BRDA:13,2,0,4
BRDA:13,2,1,2
BRDA:19,3,0,5
BRDA:19,3,1,1
BRDA:20,4,0,4
BRDA:20,4,1,1
BRF:10
BRH:10
end_of_record
